<?xml version="1.0" encoding="UTF-8"?>
<robot generator="Robot 3.1.1 (Python 3.7.3 on win32)" generated="20190423 15:04:45.338" rpa="false">
<suite id="s1" name="myFirstTestSuite" source="C:\Users\A751049\Desktop\Robot Framework\EclipseWorkSpace\MyFirstRobotProject\Test\myFirstTestSuite.robot">
<test id="s1-t1" name="MyFirstTestCase">
<kw name="Log" library="BuiltIn">
<doc>Logs the given message with the given level.</doc>
<arguments>
<arg>Hello World..</arg>
</arguments>
<msg timestamp="20190423 15:04:45.698" level="INFO">Hello World..</msg>
<status status="PASS" starttime="20190423 15:04:45.698" endtime="20190423 15:04:45.698"></status>
</kw>
<status status="PASS" starttime="20190423 15:04:45.698" endtime="20190423 15:04:45.698" critical="yes"></status>
</test>
<status status="PASS" starttime="20190423 15:04:45.338" endtime="20190423 15:04:45.698"></status>
</suite>
<statistics>
<total>
<stat pass="1" fail="0">Critical Tests</stat>
<stat pass="1" fail="0">All Tests</stat>
</total>
<tag>
</tag>
<suite>
<stat pass="1" fail="0" id="s1" name="myFirstTestSuite">myFirstTestSuite</stat>
</suite>
</statistics>
<errors>
</errors>
</robot>
