<?xml version="1.0" encoding="UTF-8"?>
<robot generator="Robot 3.1.1 (Python 3.7.3 on win32)" generated="20190429 14:38:02.778" rpa="false">
<suite id="s1" name="myFirstTestSuite" source="C:\Users\A751049\Desktop\Robot Framework\EclipseWorkSpace\MyFirstRobotProject\Test\myFirstTestSuite.robot">
<kw name="Log" library="BuiltIn" type="setup">
<doc>Logs the given message with the given level.</doc>
<arguments>
<arg>I'm in the Suite Setup</arg>
</arguments>
<msg timestamp="20190429 14:38:03.012" level="INFO">I'm in the Suite Setup</msg>
<status status="PASS" starttime="20190429 14:38:03.012" endtime="20190429 14:38:03.012"></status>
</kw>
<test id="s1-t1" name="MyFirstTestCase">
<kw name="Log" library="BuiltIn" type="setup">
<doc>Logs the given message with the given level.</doc>
<arguments>
<arg>I'm in the Test Setup</arg>
</arguments>
<msg timestamp="20190429 14:38:03.012" level="INFO">I'm in the Test Setup</msg>
<status status="PASS" starttime="20190429 14:38:03.012" endtime="20190429 14:38:03.012"></status>
</kw>
<kw name="Log" library="BuiltIn">
<doc>Logs the given message with the given level.</doc>
<arguments>
<arg>Hello World..</arg>
</arguments>
<msg timestamp="20190429 14:38:03.012" level="INFO">Hello World..</msg>
<status status="PASS" starttime="20190429 14:38:03.012" endtime="20190429 14:38:03.012"></status>
</kw>
<kw name="Log" library="BuiltIn" type="teardown">
<doc>Logs the given message with the given level.</doc>
<arguments>
<arg>I'm in the Test Setup</arg>
</arguments>
<msg timestamp="20190429 14:38:03.012" level="INFO">I'm in the Test Setup</msg>
<status status="PASS" starttime="20190429 14:38:03.012" endtime="20190429 14:38:03.012"></status>
</kw>
<tags>
<tag>smoke</tag>
</tags>
<status status="PASS" starttime="20190429 14:38:03.012" endtime="20190429 14:38:03.012" critical="yes"></status>
</test>
<kw name="Log" library="BuiltIn" type="teardown">
<doc>Logs the given message with the given level.</doc>
<arguments>
<arg>I'm in the Suite Teardown</arg>
</arguments>
<msg timestamp="20190429 14:38:03.012" level="INFO">I'm in the Suite Teardown</msg>
<status status="PASS" starttime="20190429 14:38:03.012" endtime="20190429 14:38:03.012"></status>
</kw>
<status status="PASS" starttime="20190429 14:38:02.778" endtime="20190429 14:38:03.012"></status>
</suite>
<statistics>
<total>
<stat pass="1" fail="0">Critical Tests</stat>
<stat pass="1" fail="0">All Tests</stat>
</total>
<tag>
<stat pass="1" fail="0">smoke</stat>
</tag>
<suite>
<stat pass="1" fail="0" id="s1" name="myFirstTestSuite">myFirstTestSuite</stat>
</suite>
</statistics>
<errors>
</errors>
</robot>
